C51 COMPILER V9.01   KEYPAD                                                                01/23/2025 02:35:22 PAGE 1   


C51 COMPILER V9.01, COMPILATION OF MODULE KEYPAD
OBJECT MODULE PLACED IN .\keypad.obj
COMPILER INVOKED BY: D:\keil\C51\BIN\C51.EXE D:\keil\C51\project\my1code51\chk\keypad.c BROWSE INCDIR(D:\keil\C51\projec
                    -t\my1code51\dev;D:\keil\C51\project\my1code51\lib;D:\keil\C51\project\my1code51\inc;D:\keil\C51\project\my1code51\chk) D
                    -EBUG OBJECTEXTEND PRINT(.\keypad.lst) OBJECT(.\keypad.obj)

line level    source

   1          /*----------------------------------------------------------------------------*/
   2          #include "keypad.h"
   3          #include "uart.h"
   4          /*----------------------------------------------------------------------------*/
   5          void main(void) {
   6   1              unsigned char test;
   7   1              uart_init();
   8   1              uart_puts("MY1CODE51 KEYPAD\r\n");
   9   1              while (1) {
  10   2                      test = key_wait();
  11   2                      if (test<10)
  12   2                              uart_send(test+0x30);
  13   2                      else {
  14   3                              if(test==0x0F) /** '#' key! */
  15   3                                      uart_puts("#\r\n");
  16   3                              else if(test==0x0E) /** '*' key! */
  17   3                                      uart_send('*');
  18   3                              else /** 'A','B','C','D' key! */
  19   3                                      uart_send(test+0x41-10);
  20   3                      }
  21   2              }
  22   1      }
  23          /*----------------------------------------------------------------------------*/


MODULE INFORMATION:   STATIC OVERLAYABLE
   CODE SIZE        =    205    ----
   CONSTANT SIZE    =     23    ----
   XDATA SIZE       =   ----    ----
   PDATA SIZE       =   ----    ----
   DATA SIZE        =   ----    ----
   IDATA SIZE       =   ----    ----
   BIT SIZE         =   ----    ----
END OF MODULE INFORMATION.


C51 COMPILATION COMPLETE.  0 WARNING(S),  0 ERROR(S)
